I, [2018-11-09T12:40:39.733528 #20600]  INFO -- : 
    Request: GET /tests/list
    Handler: #
    Parameters: 
    Response: 404 [text/plain] /.html.erb
    
I, [2018-11-09T12:42:10.484436 #20755]  INFO -- : nil
I, [2018-11-09T12:42:58.536590 #20839]  INFO -- : 
    Request: GET /tests/list
    Handler: NilClass#
    Parameters: 
    Response: 404 [text/plain] /.html.erb
    
I, [2018-11-09T12:43:53.353728 #20952]  INFO -- : 
    Request: GET /tests/list
    Handler: NilClass#
    Parameters: 
    Response: 404 [text/plain] /.html.erb
    
I, [2018-11-09T12:47:14.006745 #21255]  INFO -- : 
    Request: GET /tests/list
    Handler: NilClass#Bad request
    Parameters: {}
    Response: 404 [text/plain] /Bad request.html.erb
    
I, [2018-11-09T12:48:37.690523 #21372]  INFO -- : 
    Request: GET /tests/list
    Handler: NilClass#Bad request
    Parameters: {}
    Response: 404 [text/plain] Bad request/Bad request.html.erb
    
